<?xml version="1.0" encoding="UTF-8"?>
<!-- Generated by org.testng.reporters.JUnitXMLReporter -->
<testsuite ignored="0" hostname="DESKTOP-VADCG6U" failures="0" tests="1" name="Automation" time="3.171" errors="0" timestamp="2024-12-18T01:00:21 EET">
  <testcase classname="TestWithTestNG" name="@BeforeTest open" time="3.037">
    <failure type="java.io.FileNotFoundException" message="&amp;quot;C:\Users\user\Desktop\test1.xlsx&amp;quot; (The filename, directory name, or volume label syntax is incorrect)">
      <![CDATA[java.io.FileNotFoundException: "C:\Users\user\Desktop\test1.xlsx" (The filename, directory name, or volume label syntax is incorrect)
at java.base/java.io.FileInputStream.open0(Native Method)
at java.base/java.io.FileInputStream.open(FileInputStream.java:219)
at java.base/java.io.FileInputStream.<init>(FileInputStream.java:157)
at TestWithTestNG.open(TestWithTestNG.java:31)
at com.intellij.rt.testng.IDEARemoteTestNG.run(IDEARemoteTestNG.java:65)
at com.intellij.rt.testng.RemoteTestNGStarter.main(RemoteTestNGStarter.java:105)
... Removed 21 stack frames]]>
    </failure>
  </testcase> <!-- @BeforeTest open -->
  <testcase classname="TestWithTestNG" name="@AfterTest close" time="0.0">
    <skipped/>
  </testcase> <!-- @AfterTest close -->
  <testcase classname="TestWithTestNG" name="test" time="0.0">
    <skipped/>
  </testcase> <!-- test -->
</testsuite> <!-- Automation -->
